{
  "RSpec": {
    "coverage": {
      "/Users/diegofontecillagarcia/Projects/course/week_10/bank_tech_test/spec/bank_app_spec.rb": [
        1,
        null,
        1,
        2,
        2,
        4,
        2,
        null,
        1,
        1,
        1,
        null,
        null,
        1,
        1,
        1,
        1,
        null,
        null,
        1,
        1,
        1,
        2,
        null,
        null,
        1,
        1,
        1,
        1,
        null,
        null
      ],
      "/Users/diegofontecillagarcia/Projects/course/week_10/bank_tech_test/lib/bank_app.rb": [
        1,
        1,
        null,
        1,
        4,
        4,
        4,
        4,
        null,
        null,
        1,
        3,
        3,
        null,
        null,
        1,
        2,
        1,
        1,
        null,
        1,
        null,
        null,
        null,
        1,
        1,
        null,
        null,
        1,
        null,
        1,
        4,
        null,
        null,
        1,
        3,
        null,
        null,
        1,
        1,
        null,
        null,
        1,
        2,
        null,
        null,
        1,
        1,
        null,
        null
      ],
      "/Users/diegofontecillagarcia/Projects/course/week_10/bank_tech_test/spec/date_generator_spec.rb": [
        1,
        null,
        1,
        2,
        null,
        1,
        1,
        1,
        1,
        null,
        null,
        null
      ],
      "/Users/diegofontecillagarcia/Projects/course/week_10/bank_tech_test/lib/date_generator.rb": [
        1,
        null,
        1,
        1,
        5,
        5,
        null,
        null,
        1,
        null,
        1,
        5,
        null,
        null
      ],
      "/Users/diegofontecillagarcia/Projects/course/week_10/bank_tech_test/spec/the_statement_spec.rb": [
        1,
        null,
        1,
        3,
        null,
        1,
        1,
        1,
        1,
        2,
        null,
        null,
        1,
        1,
        null,
        null,
        1,
        null,
        2,
        null,
        null,
        null
      ],
      "/Users/diegofontecillagarcia/Projects/course/week_10/bank_tech_test/lib/the_statement.rb": [
        1,
        1,
        2,
        null,
        2,
        3,
        null,
        null,
        null
      ]
    },
    "timestamp": 1532091676
  }
}
